<?xml version="1.0" encoding="UTF-8"?>
<robot generator="Robot 4.1.3 (Python 3.10.2 on win32)" generated="20220119 16:35:09.656" rpa="false" schemaversion="2">
<suite id="s1" name="Robot Interactive Console" source="c:\Users\rafae\.vscode\extensions\robocorp.robotframework-lsp-0.36.0\src\robotframework_ls\vendored\robotframework_interactive\robot_interactive_console.robot">
<test id="s1-t1" name="Default Task/Test">
<kw name="Interpreter Main Loop" library="MainLoop">
<status status="PASS" starttime="20220119 16:35:09.680" endtime="20220119 16:35:38.767"/>
</kw>
<status status="PASS" starttime="20220119 16:35:09.679" endtime="20220119 16:35:38.767"/>
</test>
<status status="PASS" starttime="20220119 16:35:09.658" endtime="20220119 16:35:38.768"/>
</suite>
<statistics>
<total>
<stat pass="1" fail="0" skip="0">All Tests</stat>
</total>
<tag>
</tag>
<suite>
<stat pass="1" fail="0" skip="0" id="s1" name="Robot Interactive Console">Robot Interactive Console</stat>
</suite>
</statistics>
<errors>
</errors>
</robot>
