<?xml version="1.0" encoding="UTF-8"?>
<robot generator="Robot 4.1.3 (Python 3.10.2 on win32)" generated="20220119 12:30:45.862" rpa="false" schemaversion="2">
<suite id="s1" name="TestSitePractice" source="F:\00_Pessoal\Pastas\01-Pessoal\cursos\udemy\050_RobotFramework\000_Basico\000_exercicios\SuiteSiteTestePractice\tests\TestSitePractice.robot">
<test id="s1-t1" name="Caso de Teste 01: Pesquisar produto existente">
<kw name="Abrir navegador" library="Resource" type="SETUP">
<kw name="Open Browser" library="SeleniumLibrary">
<arg>about:blank</arg>
<arg>${BROWSER}</arg>
<doc>Opens a new browser instance to the optional ``url``.</doc>
<msg timestamp="20220119 12:30:46.071" level="INFO">Opening browser 'chrome' to base url 'about:blank'.</msg>
<status status="PASS" starttime="20220119 12:30:46.071" endtime="20220119 12:30:47.905"/>
</kw>
<status status="PASS" starttime="20220119 12:30:46.071" endtime="20220119 12:30:47.906"/>
</kw>
<kw name="Acessar a página home do site" library="Resource">
<kw name="Go To" library="SeleniumLibrary">
<arg>${URL}</arg>
<doc>Navigates the current browser window to the provided ``url``.</doc>
<msg timestamp="20220119 12:30:47.907" level="INFO">Opening url 'http://automationpractice.com'</msg>
<status status="PASS" starttime="20220119 12:30:47.906" endtime="20220119 12:30:53.548"/>
</kw>
<kw name="Title Should Be" library="SeleniumLibrary">
<arg>My Store</arg>
<doc>Verifies that the current page title equals ``title``.</doc>
<msg timestamp="20220119 12:30:53.555" level="INFO">Page title is 'My Store'.</msg>
<status status="PASS" starttime="20220119 12:30:53.548" endtime="20220119 12:30:53.555"/>
</kw>
<status status="PASS" starttime="20220119 12:30:47.906" endtime="20220119 12:30:53.555"/>
</kw>
<kw name="Digitar o nome do produto &quot;Blouse&quot; no campo de pesquisa" library="Resource" sourcename="Digitar o nome do produto &quot;${PRODUTO}&quot; no campo de pesquisa">
<kw name="Input Text" library="SeleniumLibrary">
<arg>name=search_query</arg>
<arg>${PRODUTO}</arg>
<doc>Types the given ``text`` into the text field identified by ``locator``.</doc>
<msg timestamp="20220119 12:30:53.557" level="INFO">Typing text 'Blouse' into text field 'name=search_query'.</msg>
<status status="PASS" starttime="20220119 12:30:53.556" endtime="20220119 12:30:53.631"/>
</kw>
<status status="PASS" starttime="20220119 12:30:53.556" endtime="20220119 12:30:53.631"/>
</kw>
<kw name="Clicar no botão pesquisar" library="Resource">
<kw name="Click Element" library="SeleniumLibrary">
<arg>name=submit_search</arg>
<doc>Click the element identified by ``locator``.</doc>
<msg timestamp="20220119 12:30:53.632" level="INFO">Clicking element 'name=submit_search'.</msg>
<status status="PASS" starttime="20220119 12:30:53.632" endtime="20220119 12:30:55.263"/>
</kw>
<status status="PASS" starttime="20220119 12:30:53.631" endtime="20220119 12:30:55.264"/>
</kw>
<kw name="Conferir se o produto &quot;Blouse&quot; foi listado no site" library="Resource" sourcename="Conferir se o produto &quot;${PRODUTO}&quot; foi listado no site">
<kw name="Wait Until Element Is Visible" library="SeleniumLibrary">
<arg>css=#center_column &gt; h1</arg>
<doc>Waits until the element ``locator`` is visible.</doc>
<status status="PASS" starttime="20220119 12:30:55.265" endtime="20220119 12:30:55.286"/>
</kw>
<kw name="Title Should Be" library="SeleniumLibrary">
<arg>Search - My Store</arg>
<doc>Verifies that the current page title equals ``title``.</doc>
<msg timestamp="20220119 12:30:55.291" level="INFO">Page title is 'Search - My Store'.</msg>
<status status="PASS" starttime="20220119 12:30:55.287" endtime="20220119 12:30:55.291"/>
</kw>
<kw name="Page Should Contain Image" library="SeleniumLibrary">
<arg>xpath=//*[@id="center_column"]//*[@src='${URL}/img/p/7/7-home_default.jpg']</arg>
<doc>Verifies image identified by ``locator`` is found from current page.</doc>
<msg timestamp="20220119 12:30:55.306" level="INFO">Current page contains image 'xpath=//*[@id="center_column"]//*[@src='http://automationpractice.com/img/p/7/7-home_default.jpg']'.</msg>
<status status="PASS" starttime="20220119 12:30:55.291" endtime="20220119 12:30:55.306"/>
</kw>
<kw name="Page Should Contain Link" library="SeleniumLibrary">
<arg>xpath=//*[@id="center_column"]//a[@class="product-name"][contains(text(),"${PRODUTO}")]</arg>
<doc>Verifies link identified by ``locator`` is found from current page.</doc>
<msg timestamp="20220119 12:30:55.319" level="INFO">Current page contains link 'xpath=//*[@id="center_column"]//a[@class="product-name"][contains(text(),"Blouse")]'.</msg>
<status status="PASS" starttime="20220119 12:30:55.306" endtime="20220119 12:30:55.319"/>
</kw>
<status status="PASS" starttime="20220119 12:30:55.264" endtime="20220119 12:30:55.319"/>
</kw>
<kw name="Fechar navegador" library="Resource" type="TEARDOWN">
<kw name="Close Browser" library="SeleniumLibrary">
<doc>Closes the current browser.</doc>
<status status="PASS" starttime="20220119 12:30:55.321" endtime="20220119 12:30:57.451"/>
</kw>
<status status="PASS" starttime="20220119 12:30:55.321" endtime="20220119 12:30:57.451"/>
</kw>
<status status="PASS" starttime="20220119 12:30:46.070" endtime="20220119 12:30:57.453"/>
</test>
<test id="s1-t2" name="Caso de Teste 02: Pesquisar produto não existente">
<kw name="Abrir navegador" library="Resource" type="SETUP">
<kw name="Open Browser" library="SeleniumLibrary">
<arg>about:blank</arg>
<arg>${BROWSER}</arg>
<doc>Opens a new browser instance to the optional ``url``.</doc>
<msg timestamp="20220119 12:30:57.463" level="INFO">Opening browser 'chrome' to base url 'about:blank'.</msg>
<status status="PASS" starttime="20220119 12:30:57.462" endtime="20220119 12:30:58.786"/>
</kw>
<status status="PASS" starttime="20220119 12:30:57.460" endtime="20220119 12:30:58.787"/>
</kw>
<kw name="Acessar a página home do site" library="Resource">
<kw name="Go To" library="SeleniumLibrary">
<arg>${URL}</arg>
<doc>Navigates the current browser window to the provided ``url``.</doc>
<msg timestamp="20220119 12:30:58.788" level="INFO">Opening url 'http://automationpractice.com'</msg>
<status status="PASS" starttime="20220119 12:30:58.787" endtime="20220119 12:31:04.710"/>
</kw>
<kw name="Title Should Be" library="SeleniumLibrary">
<arg>My Store</arg>
<doc>Verifies that the current page title equals ``title``.</doc>
<msg timestamp="20220119 12:31:04.716" level="INFO">Page title is 'My Store'.</msg>
<status status="PASS" starttime="20220119 12:31:04.710" endtime="20220119 12:31:04.716"/>
</kw>
<status status="PASS" starttime="20220119 12:30:58.787" endtime="20220119 12:31:04.716"/>
</kw>
<kw name="Digitar o nome do produto &quot;itemNãoExistente&quot; no campo de pesquisa" library="Resource" sourcename="Digitar o nome do produto &quot;${PRODUTO}&quot; no campo de pesquisa">
<kw name="Input Text" library="SeleniumLibrary">
<arg>name=search_query</arg>
<arg>${PRODUTO}</arg>
<doc>Types the given ``text`` into the text field identified by ``locator``.</doc>
<msg timestamp="20220119 12:31:04.717" level="INFO">Typing text 'itemNãoExistente' into text field 'name=search_query'.</msg>
<status status="PASS" starttime="20220119 12:31:04.717" endtime="20220119 12:31:04.796"/>
</kw>
<status status="PASS" starttime="20220119 12:31:04.717" endtime="20220119 12:31:04.796"/>
</kw>
<kw name="Clicar no botão pesquisar" library="Resource">
<kw name="Click Element" library="SeleniumLibrary">
<arg>name=submit_search</arg>
<doc>Click the element identified by ``locator``.</doc>
<msg timestamp="20220119 12:31:04.797" level="INFO">Clicking element 'name=submit_search'.</msg>
<status status="PASS" starttime="20220119 12:31:04.797" endtime="20220119 12:31:05.938"/>
</kw>
<status status="PASS" starttime="20220119 12:31:04.797" endtime="20220119 12:31:05.938"/>
</kw>
<kw name="Conferir mensagem de erro &quot;No results were found for your search &quot;itemNãoExistente&quot;&quot;" library="Resource" sourcename="Conferir mensagem de erro &quot;${MENSAGEM_ALERTA}&quot;">
<kw name="Wait Until Element Is Visible" library="SeleniumLibrary">
<arg>xpath=//*[@id="center_column"]/p[@class='alert alert-warning']</arg>
<doc>Waits until the element ``locator`` is visible.</doc>
<status status="PASS" starttime="20220119 12:31:05.939" endtime="20220119 12:31:05.962"/>
</kw>
<kw name="Element Text Should Be" library="SeleniumLibrary">
<arg>xpath=//*[@id="center_column"]/p[@class='alert alert-warning']</arg>
<arg>${MENSAGEM_ALERTA}</arg>
<doc>Verifies that element ``locator`` contains exact the text ``expected``.</doc>
<msg timestamp="20220119 12:31:05.963" level="INFO">Verifying element 'xpath=//*[@id="center_column"]/p[@class='alert alert-warning']' contains exact text 'No results were found for your search "itemNãoExistente"'.</msg>
<status status="PASS" starttime="20220119 12:31:05.962" endtime="20220119 12:31:05.980"/>
</kw>
<status status="PASS" starttime="20220119 12:31:05.939" endtime="20220119 12:31:05.980"/>
</kw>
<kw name="Fechar navegador" library="Resource" type="TEARDOWN">
<kw name="Close Browser" library="SeleniumLibrary">
<doc>Closes the current browser.</doc>
<status status="PASS" starttime="20220119 12:31:05.981" endtime="20220119 12:31:08.123"/>
</kw>
<status status="PASS" starttime="20220119 12:31:05.981" endtime="20220119 12:31:08.123"/>
</kw>
<status status="PASS" starttime="20220119 12:30:57.458" endtime="20220119 12:31:08.124"/>
</test>
<status status="PASS" starttime="20220119 12:30:45.863" endtime="20220119 12:31:08.125"/>
</suite>
<statistics>
<total>
<stat pass="2" fail="0" skip="0">All Tests</stat>
</total>
<tag>
</tag>
<suite>
<stat pass="2" fail="0" skip="0" id="s1" name="TestSitePractice">TestSitePractice</stat>
</suite>
</statistics>
<errors>
</errors>
</robot>
